<?xml version="1.0" encoding="UTF-8"?>
<!-- Generated by org.testng.reporters.JUnitReportReporter -->
<testsuite hostname="vpo-d-eim-21" failures="0" tests="1" name="com.cucumber.runner.RunTestNGTest" time="8.996" errors="0" timestamp="2021-12-14T12:12:04 IST" skipped="0">
  <testcase classname="com.cucumber.runner.RunTestNGTest" name="FeatureTest1" time="8.996"/>
  <system-out/>
</testsuite> <!-- com.cucumber.runner.RunTestNGTest -->
